<?xml version="1.0" encoding="UTF-8"?>
<!-- Generated by org.testng.reporters.JUnitXMLReporter -->
<testsuite ignored="0" hostname="DESKTOP-DJB421A" failures="0" tests="9" name="Default test" time="25.12" errors="0" timestamp="24 Mar 2024 10:56:07 GMT">
  <testcase classname="org.test.Login_And_Payment_Page_Validate" name="browserSetupAndLogin" time="17.491"/>
  <testcase classname="org.test.Login_And_Payment_Page_Validate" name="navigateToAccountsPaymentsPage" time="2.359"/>
  <testcase classname="org.test.Login_And_Payment_Page_Validate" name="paymentNumberAndPaymentDateValidation" time="0.059"/>
  <testcase classname="org.test.Login_And_Payment_Page_Validate" name="paymentForValidation" time="1.514"/>
  <testcase classname="org.test.Login_And_Payment_Page_Validate" name="paymentModeValidation" time="0.326"/>
  <testcase classname="org.test.Login_And_Payment_Page_Validate" name="paymentModeType" time="0.027"/>
  <testcase classname="org.test.Login_And_Payment_Page_Validate" name="ledgerNameOrEmployeeNameValidate" time="1.609"/>
  <testcase classname="org.test.Login_And_Payment_Page_Validate" name="companyLedgerValidate" time="1.431"/>
  <testcase classname="org.test.Login_And_Payment_Page_Validate" name="amountAndRemarks" time="0.241"/>
</testsuite> <!-- Default test -->
