<?xml version="1.0" encoding="UTF-8"?>
<!-- Generated by org.testng.reporters.JUnitXMLReporter -->
<testsuite ignored="0" hostname="DESKTOP-DJB421A" failures="0" tests="9" name="Login And Payment Page Validate" time="17.212" errors="0" timestamp="09 Mar 2024 10:56:25 GMT">
  <testcase classname="org.test.Login_And_Payment_Page_Validate" name="browserSetup" time="9.883"/>
  <testcase classname="org.test.Login_And_Payment_Page_Validate" name="login" time="2.767"/>
  <testcase classname="org.test.Login_And_Payment_Page_Validate" name="navigateToAccountsPaymentsPage" time="2.119"/>
  <testcase classname="org.test.Login_And_Payment_Page_Validate" name="paymentNumberAndPaymentDateValidation" time="0.07"/>
  <testcase classname="org.test.Login_And_Payment_Page_Validate" name="paymentForValidation" time="0.25"/>
  <testcase classname="org.test.Login_And_Payment_Page_Validate" name="paymentModeValidation" time="0.374"/>
  <testcase classname="org.test.Login_And_Payment_Page_Validate" name="ledgerNameOrEmployeeNameValidate" time="0.048"/>
  <testcase classname="org.test.Login_And_Payment_Page_Validate" name="companyLedgerValidate" time="1.512"/>
  <testcase classname="org.test.Login_And_Payment_Page_Validate" name="amountAndRemarks" time="0.143"/>
</testsuite> <!-- Login And Payment Page Validate -->
