<?xml version="1.0" encoding="UTF-8"?>
<testng-results ignored="0" total="9" passed="9" failed="0" skipped="0">
  <reporter-output>
  </reporter-output>
  <suite started-at="2024-03-24T10:55:41Z" name="Default suite" finished-at="2024-03-24T10:56:07Z" duration-ms="25120">
    <groups>
    </groups>
    <test started-at="2024-03-24T10:55:41Z" name="Default test" finished-at="2024-03-24T10:56:07Z" duration-ms="25120">
      <class name="org.test.Login_And_Payment_Page_Validate">
        <test-method signature="browserSetupAndLogin()[pri:1, instance:org.test.Login_And_Payment_Page_Validate@451001e5]" started-at="2024-03-24T10:55:42Z" name="browserSetupAndLogin" finished-at="2024-03-24T10:55:59Z" duration-ms="17491" status="PASS">
          <reporter-output>
          </reporter-output>
        </test-method> <!-- browserSetupAndLogin -->
        <test-method signature="navigateToAccountsPaymentsPage()[pri:2, instance:org.test.Login_And_Payment_Page_Validate@451001e5]" started-at="2024-03-24T10:55:59Z" name="navigateToAccountsPaymentsPage" finished-at="2024-03-24T10:56:01Z" duration-ms="2359" status="PASS">
          <reporter-output>
          </reporter-output>
        </test-method> <!-- navigateToAccountsPaymentsPage -->
        <test-method signature="paymentNumberAndPaymentDateValidation()[pri:3, instance:org.test.Login_And_Payment_Page_Validate@451001e5]" started-at="2024-03-24T10:56:01Z" name="paymentNumberAndPaymentDateValidation" finished-at="2024-03-24T10:56:01Z" duration-ms="59" status="PASS">
          <reporter-output>
          </reporter-output>
        </test-method> <!-- paymentNumberAndPaymentDateValidation -->
        <test-method signature="paymentForValidation()[pri:4, instance:org.test.Login_And_Payment_Page_Validate@451001e5]" started-at="2024-03-24T10:56:01Z" name="paymentForValidation" finished-at="2024-03-24T10:56:03Z" duration-ms="1514" status="PASS">
          <reporter-output>
          </reporter-output>
        </test-method> <!-- paymentForValidation -->
        <test-method signature="paymentModeValidation()[pri:5, instance:org.test.Login_And_Payment_Page_Validate@451001e5]" started-at="2024-03-24T10:56:03Z" name="paymentModeValidation" finished-at="2024-03-24T10:56:03Z" duration-ms="326" status="PASS">
          <reporter-output>
          </reporter-output>
        </test-method> <!-- paymentModeValidation -->
        <test-method signature="paymentModeType()[pri:6, instance:org.test.Login_And_Payment_Page_Validate@451001e5]" started-at="2024-03-24T10:56:03Z" name="paymentModeType" finished-at="2024-03-24T10:56:03Z" duration-ms="27" status="PASS">
          <reporter-output>
          </reporter-output>
        </test-method> <!-- paymentModeType -->
        <test-method signature="ledgerNameOrEmployeeNameValidate()[pri:7, instance:org.test.Login_And_Payment_Page_Validate@451001e5]" started-at="2024-03-24T10:56:03Z" name="ledgerNameOrEmployeeNameValidate" finished-at="2024-03-24T10:56:05Z" duration-ms="1609" status="PASS">
          <reporter-output>
          </reporter-output>
        </test-method> <!-- ledgerNameOrEmployeeNameValidate -->
        <test-method signature="companyLedgerValidate()[pri:8, instance:org.test.Login_And_Payment_Page_Validate@451001e5]" started-at="2024-03-24T10:56:05Z" name="companyLedgerValidate" finished-at="2024-03-24T10:56:06Z" duration-ms="1431" status="PASS">
          <reporter-output>
          </reporter-output>
        </test-method> <!-- companyLedgerValidate -->
        <test-method signature="amountAndRemarks()[pri:0, instance:org.test.Login_And_Payment_Page_Validate@451001e5]" started-at="2024-03-24T10:56:06Z" name="amountAndRemarks" finished-at="2024-03-24T10:56:07Z" depends-on-methods="org.test.Login_And_Payment_Page_Validate.companyLedgerValidate" duration-ms="241" status="PASS">
          <reporter-output>
          </reporter-output>
        </test-method> <!-- amountAndRemarks -->
      </class> <!-- org.test.Login_And_Payment_Page_Validate -->
    </test> <!-- Default test -->
  </suite> <!-- Default suite -->
</testng-results>
